TN:
SF:/Users/seungwongo/Documents/truffle-tutorial-token/contracts/SampleToken.sol
FN:49,
FN:67,mul
FN:83,div
FN:93,sub
FN:101,add
FN:124,totalSupply
FN:133,transfer
FN:148,balanceOf
FN:174,transferFrom
FN:202,approve
FN:214,allowance
FN:234,increaseApproval
FN:256,decreaseApproval
FN:297,
FN:304,onlyOwner
FN:315,renounceOwnership
FN:324,transferOwnership
FN:332,_transferOwnership
FN:342,
FNF:19
FNH:8
FNDA:8,
FNDA:0,mul
FNDA:0,div
FNDA:1,sub
FNDA:1,add
FNDA:3,totalSupply
FNDA:2,transfer
FNDA:3,balanceOf
FNDA:0,transferFrom
FNDA:0,approve
FNDA:0,allowance
FNDA:0,increaseApproval
FNDA:0,decreaseApproval
FNDA:8,
FNDA:0,onlyOwner
FNDA:0,renounceOwnership
FNDA:0,transferOwnership
FNDA:0,_transferOwnership
FNDA:8,
DA:50,8
DA:51,8
DA:52,8
DA:71,0
DA:72,0
DA:75,0
DA:76,0
DA:77,0
DA:87,0
DA:94,1
DA:95,1
DA:102,1
DA:103,1
DA:104,1
DA:125,3
DA:134,2
DA:135,1
DA:137,1
DA:138,1
DA:139,1
DA:140,1
DA:149,3
DA:182,0
DA:183,0
DA:184,0
DA:186,0
DA:187,0
DA:188,0
DA:189,0
DA:190,0
DA:203,0
DA:204,0
DA:205,0
DA:222,0
DA:241,0
DA:243,0
DA:244,0
DA:263,0
DA:264,0
DA:265,0
DA:267,0
DA:269,0
DA:270,0
DA:298,8
DA:305,0
DA:306,0
DA:316,0
DA:317,0
DA:325,0
DA:333,0
DA:334,0
DA:335,0
DA:345,8
DA:346,8
DA:347,8
LF:55
LH:20
BRDA:71,1,0,0
BRDA:71,1,1,0
BRDA:76,2,0,0
BRDA:76,2,1,0
BRDA:94,3,0,1
BRDA:94,3,1,0
BRDA:103,4,0,1
BRDA:103,4,1,0
BRDA:134,5,0,1
BRDA:134,5,1,1
BRDA:135,6,0,1
BRDA:135,6,1,0
BRDA:182,7,0,0
BRDA:182,7,1,0
BRDA:183,8,0,0
BRDA:183,8,1,0
BRDA:184,9,0,0
BRDA:184,9,1,0
BRDA:264,10,0,0
BRDA:264,10,1,0
BRDA:305,11,0,0
BRDA:305,11,1,0
BRDA:333,12,0,0
BRDA:333,12,1,0
BRF:24
BRH:5
end_of_record
